[01Jul2025 06:52:14.744] [main/INFO] [cpw.mods.modlauncher.Launcher/MODLAUNCHER]: ModLauncher running: args [--launchTarget, forgeclientuserdev, --username, elfoteo, --version, 21.1.93, --assetIndex, 17, --assetsDir, /home/matte/.gradle/caches/neoformruntime/assets, --gameDir, ., --fml.neoForgeVersion, 21.1.93, --fml.fmlVersion, 4.0.34, --fml.mcVersion, 1.21.1, --fml.neoFormVersion, 20240808.144430]
[01Jul2025 06:52:14.746] [main/INFO] [cpw.mods.modlauncher.Launcher/MODLAUNCHER]: JVM identified as Arch Linux OpenJDK 64-Bit Server VM 21.0.7+6
[01Jul2025 06:52:14.747] [main/INFO] [cpw.mods.modlauncher.Launcher/MODLAUNCHER]: ModLauncher 11.0.4+main.d2e20e43 starting: java version 21.0.7 by Arch Linux; OS Linux arch amd64 version 6.15.4-arch2-1
[01Jul2025 06:52:14.808] [main/INFO] [net.neoforged.fml.loading.ImmediateWindowHandler/]: Loading ImmediateWindowProvider fmlearlywindow
[01Jul2025 06:52:14.891] [main/INFO] [EARLYDISPLAY/]: Trying GL version 4.6
[01Jul2025 06:52:14.967] [main/INFO] [EARLYDISPLAY/]: Requested GL version 4.6 got version 4.6
[01Jul2025 06:52:15.049] [main/INFO] [mixin/]: SpongePowered MIXIN Subsystem Version=0.8.7 Source=union:/home/matte/.gradle/caches/modules-2/files-2.1/net.fabricmc/sponge-mixin/0.15.2+mixin.0.8.7/2af2f021d8e02a0220dc27a7a72b4666d66d44ca/sponge-mixin-0.15.2+mixin.0.8.7.jar%23119!/ Service=ModLauncher Env=CLIENT
[01Jul2025 06:52:15.145] [pool-2-thread-1/INFO] [EARLYDISPLAY/]: GL info: NVIDIA GeForce RTX 3060 Ti/PCIe/SSE2 GL version 4.6.0 NVIDIA 575.64, NVIDIA Corporation
[01Jul2025 06:52:15.247] [main/INFO] [net.neoforged.fml.loading.moddiscovery.locators.JarInJarDependencyLocator/]: Found 2 dependencies adding them to mods collection
[01Jul2025 06:52:15.248] [main/INFO] [net.neoforged.fml.loading.moddiscovery.ModDiscoverer/]: 
     Mod List:
		Name Version (Mod Id)

		Crysis 3 0.1.6 (crysis)
		Just Enough Items 19.21.1.248 (jei)
		Minecraft 1.21.1 (minecraft)
		NeoForge 21.1.93 (neoforge)
[01Jul2025 06:52:15.653] [main/INFO] [mixin/]: Compatibility level set to JAVA_21
[01Jul2025 06:52:15.660] [main/INFO] [cpw.mods.modlauncher.LaunchServiceHandler/MODLAUNCHER]: Launching target 'forgeclientuserdev' with arguments [--version, 21.1.93, --gameDir, ., --assetsDir, /home/matte/.gradle/caches/neoformruntime/assets, --username, elfoteo, --assetIndex, 17]
[01Jul2025 06:52:16.624] [Datafixer Bootstrap/INFO] [com.mojang.datafixers.DataFixerBuilder/]: 229 Datafixer optimizations took 145 milliseconds
[01Jul2025 06:52:16.644] [pool-8-thread-1/INFO] [MixinExtras|Service/]: Initializing MixinExtras via com.llamalad7.mixinextras.service.MixinExtrasServiceImpl(version=0.4.1).
[01Jul2025 06:52:19.453] [main/WARN] [net.minecraft.commands.Commands/]: Ambiguity between arguments [teleport, location] and [teleport, destination] with inputs: [0.1 -0.5 .9, 0 0 0]
[01Jul2025 06:52:19.454] [main/WARN] [net.minecraft.commands.Commands/]: Ambiguity between arguments [teleport, location] and [teleport, targets] with inputs: [0.1 -0.5 .9, 0 0 0]
[01Jul2025 06:52:19.455] [main/WARN] [net.minecraft.commands.Commands/]: Ambiguity between arguments [teleport, destination] and [teleport, targets] with inputs: [Player, 0123, @e, dd12be42-52a9-4a91-a8a1-11c01849e498]
[01Jul2025 06:52:19.456] [main/WARN] [net.minecraft.commands.Commands/]: Ambiguity between arguments [teleport, targets] and [teleport, destination] with inputs: [Player, 0123, dd12be42-52a9-4a91-a8a1-11c01849e498]
[01Jul2025 06:52:19.457] [main/WARN] [net.minecraft.commands.Commands/]: Ambiguity between arguments [teleport, targets, location] and [teleport, targets, destination] with inputs: [0.1 -0.5 .9, 0 0 0]
[01Jul2025 06:52:19.528] [Render thread/WARN] [net.minecraft.server.packs.VanillaPackResourcesBuilder/]: Assets URL 'union:/home/matte/coding/java/CrysisMod-1.21.1/build/moddev/artifacts/neoforge-21.1.93-minecraft-merged.jar%23171!/assets/.mcassetsroot' uses unexpected schema
[01Jul2025 06:52:19.528] [Render thread/WARN] [net.minecraft.server.packs.VanillaPackResourcesBuilder/]: Assets URL 'union:/home/matte/coding/java/CrysisMod-1.21.1/build/moddev/artifacts/neoforge-21.1.93-minecraft-merged.jar%23171!/data/.mcassetsroot' uses unexpected schema
[01Jul2025 06:52:19.540] [Render thread/INFO] [com.mojang.authlib.yggdrasil.YggdrasilAuthenticationService/]: Environment: Environment[sessionHost=https://sessionserver.mojang.com, servicesHost=https://api.minecraftservices.com, name=PROD]
[01Jul2025 06:52:19.545] [Render thread/INFO] [net.minecraft.client.Minecraft/]: Setting user: elfoteo
[01Jul2025 06:52:19.587] [Render thread/INFO] [net.minecraft.client.Minecraft/]: Backend library: LWJGL version 3.3.3+5
[01Jul2025 06:52:19.714] [modloading-worker-0/INFO] [net.neoforged.neoforge.common.NeoForgeMod/NEOFORGE-MOD]: NeoForge mod loading, version 21.1.93, for MC 1.21.1
[01Jul2025 06:52:19.806] [modloading-worker-0/INFO] [mezz.jei.library.load.PluginCaller/]: Sending ConfigManager...
[01Jul2025 06:52:19.808] [modloading-worker-0/INFO] [mezz.jei.library.load.PluginCaller/]: Sending ConfigManager took 1.208 ms
[01Jul2025 06:52:20.430] [Render thread/INFO] [net.neoforged.neoforge.gametest.GameTestHooks/]: Enabled Gametest Namespaces: [crysis]
[01Jul2025 06:52:20.564] [Render thread/INFO] [net.minecraft.server.packs.resources.ReloadableResourceManager/]: Reloading ResourceManager: vanilla, mod_resources, mod/crysis, mod/neoforge, mod/jei
[01Jul2025 06:52:20.639] [Worker-Main-9/INFO] [net.minecraft.client.gui.font.providers.UnihexProvider/]: Found unifont_all_no_pua-15.1.05.hex, loading
[01Jul2025 06:52:20.735] [Worker-Main-1/INFO] [net.minecraft.client.gui.font.providers.UnihexProvider/]: Found unifont_jp_patch-15.1.05.hex, loading
[01Jul2025 06:52:21.527] [Render thread/ERROR] [net.minecraft.client.sounds.SoundManager/]: Missing subtitle translation{key='sounds.crysis.magic_block_place', args=[]} for sound event: crysis:magic_block_place
[01Jul2025 06:52:21.528] [Render thread/ERROR] [net.minecraft.client.sounds.SoundManager/]: Missing subtitle translation{key='sounds.crysis.magic_block_hit', args=[]} for sound event: crysis:magic_block_hit
[01Jul2025 06:52:21.528] [Render thread/ERROR] [net.minecraft.client.sounds.SoundManager/]: Missing subtitle translation{key='sounds.crysis.magic_block_break', args=[]} for sound event: crysis:magic_block_break
[01Jul2025 06:52:21.529] [Render thread/ERROR] [net.minecraft.client.sounds.SoundManager/]: Missing subtitle translation{key='sounds.crysis.magic_block_step', args=[]} for sound event: crysis:magic_block_step
[01Jul2025 06:52:21.529] [Render thread/ERROR] [net.minecraft.client.sounds.SoundManager/]: Missing subtitle translation{key='sounds.crysis.magic_block_fall', args=[]} for sound event: crysis:magic_block_fall
[01Jul2025 06:52:21.529] [Render thread/ERROR] [net.minecraft.client.sounds.SoundManager/]: Missing subtitle translation{key='sounds.crysis.chisel_use', args=[]} for sound event: crysis:chisel_use
[01Jul2025 06:52:21.530] [Render thread/WARN] [net.minecraft.client.sounds.SoundEngine/]: Missing sound for event: minecraft:item.goat_horn.play
[01Jul2025 06:52:21.530] [Render thread/WARN] [net.minecraft.client.sounds.SoundEngine/]: Missing sound for event: minecraft:entity.goat.screaming.horn_break
[01Jul2025 06:52:21.562] [Render thread/INFO] [com.mojang.blaze3d.audio.Library/]: OpenAL initialized on device Built-in Audio Analog Stereo
[01Jul2025 06:52:21.563] [Render thread/INFO] [net.minecraft.client.sounds.SoundEngine/SOUNDS]: Sound engine started
[01Jul2025 06:52:21.642] [Render thread/INFO] [net.minecraft.client.renderer.texture.TextureAtlas/]: Created: 1024x512x4 minecraft:textures/atlas/blocks.png-atlas
[01Jul2025 06:52:21.647] [Render thread/INFO] [net.minecraft.client.renderer.texture.TextureAtlas/]: Created: 256x256x4 minecraft:textures/atlas/signs.png-atlas
[01Jul2025 06:52:21.647] [Render thread/INFO] [net.minecraft.client.renderer.texture.TextureAtlas/]: Created: 512x512x4 minecraft:textures/atlas/shield_patterns.png-atlas
[01Jul2025 06:52:21.647] [Render thread/INFO] [net.minecraft.client.renderer.texture.TextureAtlas/]: Created: 512x512x4 minecraft:textures/atlas/banner_patterns.png-atlas
[01Jul2025 06:52:21.648] [Render thread/INFO] [net.minecraft.client.renderer.texture.TextureAtlas/]: Created: 2048x1024x4 minecraft:textures/atlas/armor_trims.png-atlas
[01Jul2025 06:52:21.650] [Render thread/INFO] [net.minecraft.client.renderer.texture.TextureAtlas/]: Created: 128x64x4 minecraft:textures/atlas/decorated_pot.png-atlas
[01Jul2025 06:52:21.650] [Render thread/INFO] [net.minecraft.client.renderer.texture.TextureAtlas/]: Created: 256x256x4 minecraft:textures/atlas/chest.png-atlas
[01Jul2025 06:52:21.651] [Render thread/INFO] [net.minecraft.client.renderer.texture.TextureAtlas/]: Created: 512x256x4 minecraft:textures/atlas/shulker_boxes.png-atlas
[01Jul2025 06:52:21.651] [Render thread/INFO] [net.minecraft.client.renderer.texture.TextureAtlas/]: Created: 512x256x4 minecraft:textures/atlas/beds.png-atlas
[01Jul2025 06:52:21.687] [Render thread/INFO] [net.minecraft.client.renderer.texture.TextureAtlas/]: Created: 512x256x0 minecraft:textures/atlas/particles.png-atlas
[01Jul2025 06:52:21.688] [Render thread/INFO] [net.minecraft.client.renderer.texture.TextureAtlas/]: Created: 512x256x0 minecraft:textures/atlas/paintings.png-atlas
[01Jul2025 06:52:21.688] [Render thread/INFO] [net.minecraft.client.renderer.texture.TextureAtlas/]: Created: 256x128x0 minecraft:textures/atlas/mob_effects.png-atlas
[01Jul2025 06:52:21.688] [Render thread/INFO] [net.minecraft.client.renderer.texture.TextureAtlas/]: Created: 64x64x0 minecraft:textures/atlas/map_decorations.png-atlas
[01Jul2025 06:52:21.688] [Render thread/INFO] [net.minecraft.client.renderer.texture.TextureAtlas/]: Created: 1024x512x0 minecraft:textures/atlas/gui.png-atlas
[01Jul2025 06:52:21.700] [Render thread/WARN] [net.minecraft.client.renderer.ShaderInstance/]: Shader rendertype_entity_translucent_emissive could not find sampler named Sampler2 in the specified shader program.
[01Jul2025 06:52:21.723] [Render thread/WARN] [net.minecraft.client.renderer.ShaderInstance/]: Shader crysis:infrared_entity could not find uniform named FogStart in the specified shader program.
[01Jul2025 06:52:21.723] [Render thread/WARN] [net.minecraft.client.renderer.ShaderInstance/]: Shader crysis:infrared_entity could not find uniform named FogEnd in the specified shader program.
[01Jul2025 06:52:21.723] [Render thread/WARN] [net.minecraft.client.renderer.ShaderInstance/]: Shader crysis:infrared_entity could not find uniform named FogColor in the specified shader program.
[01Jul2025 06:52:21.723] [Render thread/WARN] [net.minecraft.client.renderer.ShaderInstance/]: Shader crysis:infrared_entity could not find uniform named FogShape in the specified shader program.
[01Jul2025 06:52:21.724] [Render thread/WARN] [net.minecraft.client.renderer.ShaderInstance/]: Shader crysis:infrared_entity could not find uniform named FogStart in the specified shader program.
[01Jul2025 06:52:21.724] [Render thread/WARN] [net.minecraft.client.renderer.ShaderInstance/]: Shader crysis:infrared_entity could not find uniform named FogEnd in the specified shader program.
[01Jul2025 06:52:21.724] [Render thread/WARN] [net.minecraft.client.renderer.ShaderInstance/]: Shader crysis:infrared_entity could not find uniform named FogColor in the specified shader program.
[01Jul2025 06:52:21.724] [Render thread/WARN] [net.minecraft.client.renderer.ShaderInstance/]: Shader crysis:infrared_entity could not find uniform named FogShape in the specified shader program.
[01Jul2025 06:52:21.725] [Render thread/WARN] [net.minecraft.client.renderer.ShaderInstance/]: Shader crysis:infrared_entity could not find uniform named FogStart in the specified shader program.
[01Jul2025 06:52:21.725] [Render thread/WARN] [net.minecraft.client.renderer.ShaderInstance/]: Shader crysis:infrared_entity could not find uniform named FogEnd in the specified shader program.
[01Jul2025 06:52:21.725] [Render thread/WARN] [net.minecraft.client.renderer.ShaderInstance/]: Shader crysis:infrared_entity could not find uniform named FogColor in the specified shader program.
[01Jul2025 06:52:21.725] [Render thread/WARN] [net.minecraft.client.renderer.ShaderInstance/]: Shader crysis:infrared_entity could not find uniform named FogShape in the specified shader program.
[01Jul2025 06:52:21.725] [Render thread/WARN] [net.minecraft.client.renderer.ShaderInstance/]: Shader crysis:infrared_entity could not find uniform named FogStart in the specified shader program.
[01Jul2025 06:52:21.725] [Render thread/WARN] [net.minecraft.client.renderer.ShaderInstance/]: Shader crysis:infrared_entity could not find uniform named FogEnd in the specified shader program.
[01Jul2025 06:52:21.725] [Render thread/WARN] [net.minecraft.client.renderer.ShaderInstance/]: Shader crysis:infrared_entity could not find uniform named FogColor in the specified shader program.
[01Jul2025 06:52:21.725] [Render thread/WARN] [net.minecraft.client.renderer.ShaderInstance/]: Shader crysis:infrared_entity could not find uniform named FogShape in the specified shader program.
[01Jul2025 06:52:21.726] [Render thread/WARN] [net.minecraft.client.renderer.ShaderInstance/]: Shader crysis:infrared_entity could not find uniform named FogStart in the specified shader program.
[01Jul2025 06:52:21.726] [Render thread/WARN] [net.minecraft.client.renderer.ShaderInstance/]: Shader crysis:infrared_entity could not find uniform named FogEnd in the specified shader program.
[01Jul2025 06:52:21.726] [Render thread/WARN] [net.minecraft.client.renderer.ShaderInstance/]: Shader crysis:infrared_entity could not find uniform named FogColor in the specified shader program.
[01Jul2025 06:52:21.726] [Render thread/WARN] [net.minecraft.client.renderer.ShaderInstance/]: Shader crysis:infrared_entity could not find uniform named FogShape in the specified shader program.
[01Jul2025 06:52:21.726] [Render thread/WARN] [net.minecraft.client.renderer.ShaderInstance/]: Shader crysis:infrared_beacon could not find uniform named FogStart in the specified shader program.
[01Jul2025 06:52:21.726] [Render thread/WARN] [net.minecraft.client.renderer.ShaderInstance/]: Shader crysis:infrared_beacon could not find uniform named FogEnd in the specified shader program.
[01Jul2025 06:52:21.726] [Render thread/WARN] [net.minecraft.client.renderer.ShaderInstance/]: Shader crysis:infrared_beacon could not find uniform named FogColor in the specified shader program.
[01Jul2025 06:52:21.726] [Render thread/WARN] [net.minecraft.client.renderer.ShaderInstance/]: Shader crysis:infrared_beacon could not find uniform named FogShape in the specified shader program.
[01Jul2025 06:52:21.727] [Render thread/WARN] [net.minecraft.client.renderer.ShaderInstance/]: Shader crysis:infrared_armor_layer could not find sampler named Sampler2 in the specified shader program.
[01Jul2025 06:52:21.727] [Render thread/WARN] [net.minecraft.client.renderer.ShaderInstance/]: Shader crysis:infrared_armor_layer could not find uniform named Light0_Direction in the specified shader program.
[01Jul2025 06:52:21.727] [Render thread/WARN] [net.minecraft.client.renderer.ShaderInstance/]: Shader crysis:infrared_armor_layer could not find uniform named Light1_Direction in the specified shader program.
[01Jul2025 06:52:21.727] [Render thread/WARN] [net.minecraft.client.renderer.ShaderInstance/]: Shader crysis:infrared_armor_layer could not find uniform named FogStart in the specified shader program.
[01Jul2025 06:52:21.727] [Render thread/WARN] [net.minecraft.client.renderer.ShaderInstance/]: Shader crysis:infrared_armor_layer could not find uniform named FogEnd in the specified shader program.
[01Jul2025 06:52:21.727] [Render thread/WARN] [net.minecraft.client.renderer.ShaderInstance/]: Shader crysis:infrared_armor_layer could not find uniform named FogColor in the specified shader program.
[01Jul2025 06:52:21.727] [Render thread/WARN] [net.minecraft.client.renderer.ShaderInstance/]: Shader crysis:infrared_armor_layer could not find uniform named FogShape in the specified shader program.
[01Jul2025 06:52:21.727] [Render thread/WARN] [net.minecraft.client.renderer.ShaderInstance/]: Shader crysis:nanosuit_overlay_layer could not find sampler named Sampler2 in the specified shader program.
[01Jul2025 06:52:21.727] [Render thread/WARN] [net.minecraft.client.renderer.ShaderInstance/]: Shader crysis:nanosuit_overlay_layer could not find uniform named Light0_Direction in the specified shader program.
[01Jul2025 06:52:21.728] [Render thread/WARN] [net.minecraft.client.renderer.ShaderInstance/]: Shader crysis:nanosuit_overlay_layer could not find uniform named Light1_Direction in the specified shader program.
[01Jul2025 06:52:21.728] [Render thread/WARN] [net.minecraft.client.renderer.ShaderInstance/]: Shader crysis:nanosuit_overlay_layer could not find uniform named FogStart in the specified shader program.
[01Jul2025 06:52:21.728] [Render thread/WARN] [net.minecraft.client.renderer.ShaderInstance/]: Shader crysis:nanosuit_overlay_layer could not find uniform named FogEnd in the specified shader program.
[01Jul2025 06:52:21.728] [Render thread/WARN] [net.minecraft.client.renderer.ShaderInstance/]: Shader crysis:nanosuit_overlay_layer could not find uniform named FogColor in the specified shader program.
[01Jul2025 06:52:21.728] [Render thread/WARN] [net.minecraft.client.renderer.ShaderInstance/]: Shader crysis:nanosuit_overlay_layer could not find uniform named FogShape in the specified shader program.
[01Jul2025 06:52:21.728] [Render thread/WARN] [net.minecraft.client.renderer.ShaderInstance/]: Shader crysis:infrared_item could not find uniform named FogStart in the specified shader program.
[01Jul2025 06:52:21.728] [Render thread/WARN] [net.minecraft.client.renderer.ShaderInstance/]: Shader crysis:infrared_item could not find uniform named FogEnd in the specified shader program.
[01Jul2025 06:52:21.728] [Render thread/WARN] [net.minecraft.client.renderer.ShaderInstance/]: Shader crysis:infrared_item could not find uniform named FogColor in the specified shader program.
[01Jul2025 06:52:21.728] [Render thread/WARN] [net.minecraft.client.renderer.ShaderInstance/]: Shader crysis:infrared_item could not find uniform named FogShape in the specified shader program.
[01Jul2025 06:52:21.729] [Render thread/WARN] [net.minecraft.client.renderer.ShaderInstance/]: Shader crysis:infrared_particle could not find sampler named Sampler2 in the specified shader program.
[01Jul2025 06:52:21.729] [Render thread/WARN] [net.minecraft.client.renderer.ShaderInstance/]: Shader crysis:infrared_particle could not find uniform named FogStart in the specified shader program.
[01Jul2025 06:52:21.729] [Render thread/WARN] [net.minecraft.client.renderer.ShaderInstance/]: Shader crysis:infrared_particle could not find uniform named FogEnd in the specified shader program.
[01Jul2025 06:52:21.729] [Render thread/WARN] [net.minecraft.client.renderer.ShaderInstance/]: Shader crysis:infrared_particle could not find uniform named FogColor in the specified shader program.
[01Jul2025 06:52:21.729] [Render thread/WARN] [net.minecraft.client.renderer.ShaderInstance/]: Shader crysis:infrared_particle could not find uniform named FogShape in the specified shader program.
[01Jul2025 06:52:21.731] [Render thread/WARN] [net.minecraft.client.renderer.ShaderInstance/]: Shader crysis:blocks/rendertype_solid could not find sampler named Sampler0 in the specified shader program.
[01Jul2025 06:52:21.731] [Render thread/WARN] [net.minecraft.client.renderer.ShaderInstance/]: Shader crysis:blocks/rendertype_solid could not find uniform named ColorModulator in the specified shader program.
[01Jul2025 06:52:21.740] [Render thread/INFO] [net.neoforged.neoforge.client.entity.animation.json.AnimationLoader/]: Loaded 0 entity animations
[01Jul2025 06:52:21.740] [Render thread/INFO] [net.minecraft.client.renderer.texture.TextureAtlas/]: Created: 256x256x0 jei:textures/atlas/gui.png-atlas
[01Jul2025 06:52:24.563] [Worker-Main-2/ERROR] [net.minecraft.tags.TagLoader/]: Couldn't load tag minecraft:axes as it is missing following references: 
	crysis:bismuth_axe (from mod/crysis)
[01Jul2025 06:52:24.564] [Worker-Main-2/ERROR] [net.minecraft.tags.TagLoader/]: Couldn't load tag minecraft:shovels as it is missing following references: 
	crysis:bismuth_shovel (from mod/crysis)
[01Jul2025 06:52:24.564] [Worker-Main-2/ERROR] [net.minecraft.tags.TagLoader/]: Couldn't load tag minecraft:hoes as it is missing following references: 
	crysis:bismuth_hoe (from mod/crysis)
[01Jul2025 06:52:24.564] [Worker-Main-2/ERROR] [net.minecraft.tags.TagLoader/]: Couldn't load tag minecraft:pickaxes as it is missing following references: 
	crysis:bismuth_pickaxe (from mod/crysis)
[01Jul2025 06:52:24.564] [Worker-Main-2/ERROR] [net.minecraft.tags.TagLoader/]: Couldn't load tag minecraft:enchantable/durability as it is missing following references: 
	#minecraft:axes (from vanilla)
	#minecraft:pickaxes (from vanilla)
	#minecraft:shovels (from vanilla)
	#minecraft:hoes (from vanilla)
[01Jul2025 06:52:24.564] [Worker-Main-2/ERROR] [net.minecraft.tags.TagLoader/]: Couldn't load tag minecraft:breaks_decorated_pots as it is missing following references: 
	#minecraft:axes (from vanilla)
	#minecraft:pickaxes (from vanilla)
	#minecraft:shovels (from vanilla)
	#minecraft:hoes (from vanilla)
[01Jul2025 06:52:24.564] [Worker-Main-2/ERROR] [net.minecraft.tags.TagLoader/]: Couldn't load tag minecraft:enchantable/mining as it is missing following references: 
	#minecraft:axes (from vanilla)
	#minecraft:pickaxes (from vanilla)
	#minecraft:shovels (from vanilla)
	#minecraft:hoes (from vanilla)
[01Jul2025 06:52:24.565] [Worker-Main-2/ERROR] [net.minecraft.tags.TagLoader/]: Couldn't load tag minecraft:enchantable/sharp_weapon as it is missing following references: 
	#minecraft:axes (from vanilla)
[01Jul2025 06:52:24.565] [Worker-Main-2/ERROR] [net.minecraft.tags.TagLoader/]: Couldn't load tag minecraft:enchantable/mining_loot as it is missing following references: 
	#minecraft:axes (from vanilla)
	#minecraft:pickaxes (from vanilla)
	#minecraft:shovels (from vanilla)
	#minecraft:hoes (from vanilla)
[01Jul2025 06:52:24.565] [Worker-Main-2/ERROR] [net.minecraft.tags.TagLoader/]: Couldn't load tag minecraft:enchantable/vanishing as it is missing following references: 
	#minecraft:enchantable/durability (from vanilla)
[01Jul2025 06:52:24.566] [Worker-Main-2/ERROR] [net.minecraft.tags.TagLoader/]: Couldn't load tag c:tools as it is missing following references: 
	#minecraft:axes (from mod/neoforge)
	#minecraft:hoes (from mod/neoforge)
	#minecraft:pickaxes (from mod/neoforge)
	#minecraft:shovels (from mod/neoforge)
[01Jul2025 06:52:24.566] [Worker-Main-2/ERROR] [net.minecraft.tags.TagLoader/]: Couldn't load tag minecraft:enchantable/weapon as it is missing following references: 
	#minecraft:enchantable/sharp_weapon (from vanilla)
[01Jul2025 06:52:24.566] [Worker-Main-2/ERROR] [net.minecraft.tags.TagLoader/]: Couldn't load tag c:enchantables as it is missing following references: 
	#minecraft:enchantable/weapon (from mod/neoforge)
	#minecraft:enchantable/mining (from mod/neoforge)
	#minecraft:enchantable/mining_loot (from mod/neoforge)
	#minecraft:enchantable/durability (from mod/neoforge)
	#minecraft:enchantable/vanishing (from mod/neoforge)
[01Jul2025 06:52:24.626] [Render thread/INFO] [net.minecraft.world.item.crafting.RecipeManager/]: Loaded 1312 recipes
[01Jul2025 06:52:24.709] [Render thread/INFO] [net.minecraft.advancements.AdvancementTree/]: Loaded 1418 advancements
[01Jul2025 06:52:24.713] [Render thread/WARN] [net.minecraft.core.MappedRegistry/]: Not all defined tags for registry ResourceKey[minecraft:root / minecraft:item] are present in data pack: minecraft:enchantable/durability, minecraft:enchantable/mining, minecraft:enchantable/mining_loot, minecraft:enchantable/sharp_weapon, minecraft:enchantable/vanishing, minecraft:enchantable/weapon
[01Jul2025 06:52:24.975] [Render thread/INFO] [mezz.jei.neoforge.startup.StartEventObserver/]: JEI StartEventObserver received class net.neoforged.neoforge.event.TagsUpdatedEvent too early, ignoring
[01Jul2025 06:52:30.955] [Render thread/INFO] [net.minecraft.client.Minecraft/]: Stopping!
